  StarFish.cpp
  Scene.cpp
j:\downloads\grk-cw4\src\scene.cpp(236): warning C4996: 'sprintf': This function or variable may be unsafe. Consider using sprintf_s instead. To disable deprecation, use _CRT_SECURE_NO_WARNINGS. See online help for details.
  c:\program files (x86)\windows kits\10\include\10.0.15063.0\ucrt\stdio.h(1772): note: see declaration of 'sprintf'
  Renderable.cpp
  Quad.cpp
  Plant.cpp
j:\downloads\grk-cw4\src\plant.cpp(44): warning C4244: 'argument': conversion from 'GLfloat' to 'int', possible loss of data
j:\downloads\grk-cw4\src\plant.cpp(57): warning C4244: 'initializing': conversion from 'double' to 'GLfloat', possible loss of data
j:\downloads\grk-cw4\src\plant.cpp(58): warning C4244: 'initializing': conversion from 'double' to 'GLfloat', possible loss of data
j:\downloads\grk-cw4\src\plant.cpp(59): warning C4244: 'initializing': conversion from 'double' to 'GLfloat', possible loss of data
j:\downloads\grk-cw4\src\plant.cpp(66): warning C4244: 'initializing': conversion from 'GLfloat' to 'int', possible loss of data
  Octopus.cpp
  main.cpp
j:\downloads\grk-cw4\src\main.cpp(51): warning C4244: 'argument': conversion from 'time_t' to 'unsigned int', possible loss of data
j:\downloads\grk-cw4\src\main.cpp(405): warning C4305: 'argument': truncation from 'double' to 'GLclampf'
j:\downloads\grk-cw4\src\main.cpp(419): warning C4305: 'argument': truncation from 'double' to 'GLfloat'
  Fish.cpp
j:\downloads\grk-cw4\src\fish.cpp(36): warning C4244: 'initializing': conversion from 'double' to 'GLfloat', possible loss of data
j:\downloads\grk-cw4\src\fish.cpp(37): warning C4244: 'initializing': conversion from 'double' to 'GLfloat', possible loss of data
j:\downloads\grk-cw4\src\fish.cpp(90): warning C4244: 'initializing': conversion from 'double' to 'GLfloat', possible loss of data
  Crab.cpp
  Camera.cpp
  Generating Code...
Camera.obj : warning LNK4075: ignoring '/EDITANDCONTINUE' due to '/INCREMENTAL:NO' specification
  grk-cw4.vcxproj -> j:\Downloads\grk-cw4\Debug\grk-cw4.exe
  grk-cw4.vcxproj -> j:\Downloads\grk-cw4\Debug\grk-cw4.pdb (Partial PDB)
